(0) ((A->B)->((A->(!B))->(!A))) Сх. акс. 9
(1) (((A->B)->((A->(!B))->(!A)))->((!B)->((A->B)->((A->(!B))->(!A))))) Сх. акс. 1
(2) ((!B)->((A->B)->((A->(!B))->(!A)))) M.P. 0, 1
(3) (A->B) Не доказано
(4) ((A->B)->((!B)->(A->B))) Сх. акс. 1
(5) ((!B)->(A->B)) Не доказано
(6) (((!B)->(A->B))->(((!B)->((A->B)->((A->(!B))->(!A))))->((!B)->((A->(!B))->(!A))))) Сх. акс. 2
(7) (((!B)->((A->B)->((A->(!B))->(!A))))->((!B)->((A->(!B))->(!A)))) Не доказано
(8) ((!B)->((A->(!B))->(!A))) Не доказано
(9) ((!B)->(A->(!B))) Сх. акс. 1
(10) (((!B)->(A->(!B)))->((!B)->((!B)->(A->(!B))))) Сх. акс. 1
(11) ((!B)->((!B)->(A->(!B)))) M.P. 9, 10
(12) ((!B)->((!B)->(!B))) Сх. акс. 1
(13) (((!B)->((!B)->(!B)))->(((!B)->(((!B)->(!B))->(!B)))->((!B)->(!B)))) Сх. акс. 2
(14) (((!B)->(((!B)->(!B))->(!B)))->((!B)->(!B))) M.P. 12, 13
(15) ((!B)->(((!B)->(!B))->(!B))) Сх. акс. 1
(16) ((!B)->(!B)) M.P. 15, 14
(17) (((!B)->(!B))->(((!B)->((!B)->(A->(!B))))->((!B)->(A->(!B))))) Сх. акс. 2
(18) (((!B)->((!B)->(A->(!B))))->((!B)->(A->(!B)))) M.P. 16, 17
(19) ((!B)->(A->(!B))) Сх. акс. 1
(20) (((!B)->(A->(!B)))->(((!B)->((A->(!B))->(!A)))->((!B)->(!A)))) Сх. акс. 2
(21) (((!B)->((A->(!B))->(!A)))->((!B)->(!A))) M.P. 9, 20
(22) ((!B)->(!A)) Не доказано
