!B|-((A->B)->(!B->!A))
(0) ((A->B)->((A->!B)->!A)) Сх. акс. 9
(1) (((A->B)->((A->!B)->!A))->((A->B)->((A->B)->((A->!B)->!A)))) Сх. акс. 1
(2) ((A->B)->((A->B)->((A->!B)->!A))) M.P. 0, 1
(3) (((A->B)->((A->!B)->!A))->(!B->((A->B)->((A->!B)->!A)))) Сх. акс. 1
(4) ((((A->B)->((A->!B)->!A))->(!B->((A->B)->((A->!B)->!A))))->((A->B)->(((A->B)->((A->!B)->!A))->(!B->((A->B)->((A->!B)->!A)))))) Сх. акс. 1
(5) ((A->B)->(((A->B)->((A->!B)->!A))->(!B->((A->B)->((A->!B)->!A))))) M.P. 3, 4
(6) (((A->B)->((A->B)->((A->!B)->!A)))->(((A->B)->(((A->B)->((A->!B)->!A))->(!B->((A->B)->((A->!B)->!A)))))->((A->B)->(!B->((A->B)->((A->!B)->!A)))))) Сх. акс. 2
(7) (((A->B)->(((A->B)->((A->!B)->!A))->(!B->((A->B)->((A->!B)->!A)))))->((A->B)->(!B->((A->B)->((A->!B)->!A))))) M.P. 2, 6
(8) ((A->B)->(!B->((A->B)->((A->!B)->!A)))) M.P. 5, 7
(9) (((A->B)->((A->B)->(A->B)))->(((A->B)->(((A->B)->(A->B))->(A->B)))->((A->B)->(A->B)))) Сх. акс. 2
(10) ((A->B)->((A->B)->(A->B))) Сх. акс. 1
(11) (((A->B)->(((A->B)->(A->B))->(A->B)))->((A->B)->(A->B))) M.P. 9, 10
(12) ((A->B)->(((A->B)->(A->B))->(A->B))) Сх. акс. 1
(13) ((A->B)->(A->B)) M.P. 11, 12
(14) ((A->B)->(!B->(A->B))) Сх. акс. 1
(15) (((A->B)->(!B->(A->B)))->((A->B)->((A->B)->(!B->(A->B))))) Сх. акс. 1
(16) ((A->B)->((A->B)->(!B->(A->B)))) M.P. 14, 15
(17) (((A->B)->(A->B))->(((A->B)->((A->B)->(!B->(A->B))))->((A->B)->(!B->(A->B))))) Сх. акс. 2
(18) (((A->B)->((A->B)->(!B->(A->B))))->((A->B)->(!B->(A->B)))) M.P. 13, 17
(19) ((A->B)->(!B->(A->B))) M.P. 16, 18
(20) ((!B->(A->B))->((!B->((A->B)->((A->!B)->!A)))->(!B->((A->!B)->!A)))) Сх. акс. 2
(21) (((!B->(A->B))->((!B->((A->B)->((A->!B)->!A)))->(!B->((A->!B)->!A))))->((A->B)->((!B->(A->B))->((!B->((A->B)->((A->!B)->!A)))->(!B->((A->!B)->!A)))))) Сх. акс. 1
(22) ((A->B)->((!B->(A->B))->((!B->((A->B)->((A->!B)->!A)))->(!B->((A->!B)->!A))))) M.P. 20, 21
(23) (((A->B)->(!B->(A->B)))->(((A->B)->((!B->(A->B))->((!B->((A->B)->((A->!B)->!A)))->(!B->((A->!B)->!A)))))->((A->B)->((!B->((A->B)->((A->!B)->!A)))->(!B->((A->!B)->!A)))))) Сх. акс. 2
(24) (((A->B)->((!B->(A->B))->((!B->((A->B)->((A->!B)->!A)))->(!B->((A->!B)->!A)))))->((A->B)->((!B->((A->B)->((A->!B)->!A)))->(!B->((A->!B)->!A))))) M.P. 14, 23
(25) ((A->B)->((!B->((A->B)->((A->!B)->!A)))->(!B->((A->!B)->!A)))) M.P. 22, 24
(26) (((A->B)->(!B->((A->B)->((A->!B)->!A))))->(((A->B)->((!B->((A->B)->((A->!B)->!A)))->(!B->((A->!B)->!A))))->((A->B)->(!B->((A->!B)->!A))))) Сх. акс. 2
(27) (((A->B)->((!B->((A->B)->((A->!B)->!A)))->(!B->((A->!B)->!A))))->((A->B)->(!B->((A->!B)->!A)))) M.P. 8, 26
(28) ((A->B)->(!B->((A->!B)->!A))) M.P. 25, 27
(29) (!B->(A->!B)) Сх. акс. 1
(30) ((!B->(A->!B))->((A->B)->(!B->(A->!B)))) Сх. акс. 1
(31) ((A->B)->(!B->(A->!B))) M.P. 29, 30
(32) ((!B->(A->!B))->(!B->(!B->(A->!B)))) Сх. акс. 1
(33) (((!B->(A->!B))->(!B->(!B->(A->!B))))->((A->B)->((!B->(A->!B))->(!B->(!B->(A->!B)))))) Сх. акс. 1
(34) ((A->B)->((!B->(A->!B))->(!B->(!B->(A->!B))))) M.P. 32, 33
(35) (((A->B)->(!B->(A->!B)))->(((A->B)->((!B->(A->!B))->(!B->(!B->(A->!B)))))->((A->B)->(!B->(!B->(A->!B)))))) Сх. акс. 2
(36) (((A->B)->((!B->(A->!B))->(!B->(!B->(A->!B)))))->((A->B)->(!B->(!B->(A->!B))))) M.P. 31, 35
(37) ((A->B)->(!B->(!B->(A->!B)))) M.P. 34, 36
(38) (!B->(!B->!B)) Сх. акс. 1
(39) ((!B->(!B->!B))->((A->B)->(!B->(!B->!B)))) Сх. акс. 1
(40) ((A->B)->(!B->(!B->!B))) M.P. 38, 39
(41) ((!B->(!B->!B))->((!B->((!B->!B)->!B))->(!B->!B))) Сх. акс. 2
(42) (((!B->(!B->!B))->((!B->((!B->!B)->!B))->(!B->!B)))->((A->B)->((!B->(!B->!B))->((!B->((!B->!B)->!B))->(!B->!B))))) Сх. акс. 1
(43) ((A->B)->((!B->(!B->!B))->((!B->((!B->!B)->!B))->(!B->!B)))) M.P. 41, 42
(44) (((A->B)->(!B->(!B->!B)))->(((A->B)->((!B->(!B->!B))->((!B->((!B->!B)->!B))->(!B->!B))))->((A->B)->((!B->((!B->!B)->!B))->(!B->!B))))) Сх. акс. 2
(45) (((A->B)->((!B->(!B->!B))->((!B->((!B->!B)->!B))->(!B->!B))))->((A->B)->((!B->((!B->!B)->!B))->(!B->!B)))) M.P. 40, 44
(46) ((A->B)->((!B->((!B->!B)->!B))->(!B->!B))) M.P. 43, 45
(47) (!B->((!B->!B)->!B)) Сх. акс. 1
(48) ((!B->((!B->!B)->!B))->((A->B)->(!B->((!B->!B)->!B)))) Сх. акс. 1
(49) ((A->B)->(!B->((!B->!B)->!B))) M.P. 47, 48
(50) (((A->B)->(!B->((!B->!B)->!B)))->(((A->B)->((!B->((!B->!B)->!B))->(!B->!B)))->((A->B)->(!B->!B)))) Сх. акс. 2
(51) (((A->B)->((!B->((!B->!B)->!B))->(!B->!B)))->((A->B)->(!B->!B))) M.P. 49, 50
(52) ((A->B)->(!B->!B)) M.P. 46, 51
(53) ((!B->!B)->((!B->(!B->(A->!B)))->(!B->(A->!B)))) Сх. акс. 2
(54) (((!B->!B)->((!B->(!B->(A->!B)))->(!B->(A->!B))))->((A->B)->((!B->!B)->((!B->(!B->(A->!B)))->(!B->(A->!B)))))) Сх. акс. 1
(55) ((A->B)->((!B->!B)->((!B->(!B->(A->!B)))->(!B->(A->!B))))) M.P. 53, 54
(56) (((A->B)->(!B->!B))->(((A->B)->((!B->!B)->((!B->(!B->(A->!B)))->(!B->(A->!B)))))->((A->B)->((!B->(!B->(A->!B)))->(!B->(A->!B)))))) Сх. акс. 2
(57) (((A->B)->((!B->!B)->((!B->(!B->(A->!B)))->(!B->(A->!B)))))->((A->B)->((!B->(!B->(A->!B)))->(!B->(A->!B))))) M.P. 52, 56
(58) ((A->B)->((!B->(!B->(A->!B)))->(!B->(A->!B)))) M.P. 55, 57
(59) (!B->(A->!B)) Сх. акс. 1
(60) ((!B->(A->!B))->((A->B)->(!B->(A->!B)))) Сх. акс. 1
(61) ((A->B)->(!B->(A->!B))) M.P. 59, 60
(62) ((!B->(A->!B))->((!B->((A->!B)->!A))->(!B->!A))) Сх. акс. 2
(63) (((!B->(A->!B))->((!B->((A->!B)->!A))->(!B->!A)))->((A->B)->((!B->(A->!B))->((!B->((A->!B)->!A))->(!B->!A))))) Сх. акс. 1
(64) ((A->B)->((!B->(A->!B))->((!B->((A->!B)->!A))->(!B->!A)))) M.P. 62, 63
(65) (((A->B)->(!B->(A->!B)))->(((A->B)->((!B->(A->!B))->((!B->((A->!B)->!A))->(!B->!A))))->((A->B)->((!B->((A->!B)->!A))->(!B->!A))))) Сх. акс. 2
(66) (((A->B)->((!B->(A->!B))->((!B->((A->!B)->!A))->(!B->!A))))->((A->B)->((!B->((A->!B)->!A))->(!B->!A)))) M.P. 31, 65
(67) ((A->B)->((!B->((A->!B)->!A))->(!B->!A))) M.P. 64, 66
(68) (((A->B)->(!B->((A->!B)->!A)))->(((A->B)->((!B->((A->!B)->!A))->(!B->!A)))->((A->B)->(!B->!A)))) Сх. акс. 2
(69) (((A->B)->((!B->((A->!B)->!A))->(!B->!A)))->((A->B)->(!B->!A))) M.P. 28, 68
(70) ((A->B)->(!B->!A)) M.P. 67, 69
